[2024-11-20 13:19:22.450] [info] Zonation 5 v2.1
[2024-11-20 13:19:22.689] [info] Arguments given: -hw --mode=CAZMAX --gui shorebirds_cazmax_wgt.z5 ../../../Output/ZonationRaw/shorebirds_cazmax_wgt
[2024-11-20 13:19:22.692] [info] Using 16-bit quantization
[2024-11-20 13:19:22.699] [info] Using 16 threads for computation
[2024-11-20 13:19:22.708] [info] Loading project "shorebirds_cazmax_wgt.z5"
[2024-11-20 13:19:22.718] [info] Using setting: feature list file = shorebirds_cazmax_wgt_featurelist.txt
[2024-11-20 13:19:22.720] [info] Using setting: hierarchic mask layer = ../../../Data/masks/PA_All_int.tif
[2024-11-20 13:19:22.721] [info] Using default setting: curves output interval = 9.99999975e-05
[2024-11-20 13:19:22.722] [info] Using default setting: max iterations = 500
[2024-11-20 13:19:22.740] [info] Using default setting: mean ranking error threshold = 0.00999999978
[2024-11-20 13:19:22.741] [info] Using default setting: smoothing factor = 0
[2024-11-20 13:19:22.742] [info] Using default setting: stop on plateau = 0
[2024-11-20 13:19:22.743] [info] Using default setting: zero mode = all
[2024-11-20 13:19:22.743] [info] Using default setting: stop after preprocessing = 0
[2024-11-20 13:19:22.744] [info] Using default setting: quantization error warning threshold = 20
[2024-11-20 13:19:22.744] [info] Loading feature layer information from "C:\Users\robinsonba\OneDrive - EC-EC\Documents\Projects\Avian Trend Monitoring\Grassland Bird Monitoring\R Projects\Zonation Manuscript\Scripts\ZonationFiles\shorebirds_cazmax_wgt\shorebirds_cazmax_wgt_featurelist.txt"
[2024-11-20 13:19:22.755] [info] Validating project
[2024-11-20 13:19:22.802] [info] Reading layer data
[2024-11-20 13:19:22.816] [info] Gathering data statistics
[2024-11-20 13:19:24.295] [info] Map dimensions (width * height): 2056*1666
[2024-11-20 13:19:24.298] [info] Number of grid cells in map (width * height): 3425296
[2024-11-20 13:19:24.301] [info] Number of grid cells in map with data: 855721
[2024-11-20 13:19:24.305] [info] Feature layer count: 3
[2024-11-20 13:19:24.308] [info] Positive weight feature count: 3
[2024-11-20 13:19:24.310] [info] Negative weight feature count: 0
[2024-11-20 13:19:24.313] [info] Zero weight feature count: 0
[2024-11-20 13:19:24.316] [info] Total number of pixels with data across features: 2567163
[2024-11-20 13:19:24.319] [info] Reading feature layers
[2024-11-20 13:19:27.202] [info] Mean feature extent across study area: 97.12%
[2024-11-20 13:19:27.205] [info] Memory usage of feature data: 14.79MB
[2024-11-20 13:19:27.208] [info] Mean quantization error: 2.12265e-05%
[2024-11-20 13:19:27.211] [info] Reading hierarchic mask from C:\Users\robinsonba\OneDrive - EC-EC\Documents\Projects\Avian Trend Monitoring\Grassland Bird Monitoring\R Projects\Zonation Manuscript\Data\masks\PA_All_int.tif
[2024-11-20 13:19:27.890] [warning] Hierarchic mask "C:\Users\robinsonba\OneDrive - EC-EC\Documents\Projects\Avian Trend Monitoring\Grassland Bird Monitoring\R Projects\Zonation Manuscript\Data\masks\PA_All_int.tif" contains 8 values in cells with no data in feature layers
[2024-11-20 13:19:27.891] [warning] Hierarchic mask "C:\Users\robinsonba\OneDrive - EC-EC\Documents\Projects\Avian Trend Monitoring\Grassland Bird Monitoring\R Projects\Zonation Manuscript\Data\masks\PA_All_int.tif" misses values for 34928 cells with some data in feature layers, replacing missing values with zero
[2024-11-20 13:19:27.896] [info] Time used to read and preprocess layer data: 5s
[2024-11-20 13:19:27.900] [info] Computing priority rank
[2024-11-20 13:19:28.068] [info] Iteration 0, mean ranking error 10.4951%, mean rank change 3.06018%
[2024-11-20 13:19:28.212] [info] Iteration 1, mean ranking error 3.21824%, mean rank change 0.670513%
[2024-11-20 13:19:28.354] [info] Iteration 2, mean ranking error 1.46062%, mean rank change 0.237398%
[2024-11-20 13:19:28.512] [info] Iteration 3, mean ranking error 0.763677%, mean rank change 0.104470%
[2024-11-20 13:19:28.652] [info] Iteration 4, mean ranking error 0.430735%, mean rank change 0.0517833%
[2024-11-20 13:19:28.794] [info] Iteration 5, mean ranking error 0.255017%, mean rank change 0.0276309%
[2024-11-20 13:19:28.936] [info] Iteration 6, mean ranking error 0.156206%, mean rank change 0.0155127%
[2024-11-20 13:19:29.081] [info] Iteration 7, mean ranking error 0.0976041%, mean rank change 0.00902701%
[2024-11-20 13:19:29.221] [info] Iteration 8, mean ranking error 0.0621823%, mean rank change 0.00539693%
[2024-11-20 13:19:29.366] [info] Iteration 9, mean ranking error 0.0400867%, mean rank change 0.00329755%
[2024-11-20 13:19:29.509] [info] Iteration 10, mean ranking error 0.0260064%, mean rank change 0.00204819%
[2024-11-20 13:19:29.650] [info] Iteration 11, mean ranking error 0.0169608%, mean rank change 0.00129646%
[2024-11-20 13:19:29.792] [info] Iteration 12, mean ranking error 0.0111115%, mean rank change 0.000832423%
[2024-11-20 13:19:29.942] [info] Iteration 13, mean ranking error 0.00730646%, mean rank change 0.000542094%
[2024-11-20 13:19:29.958] [info] Time used in prioritization: 2s
[2024-11-20 13:19:29.961] [info] Number of iterations: 14
[2024-11-20 13:19:29.966] [info] Final convergence level: 0.00730646%
[2024-11-20 13:19:29.970] [info] Area under curve: 0.757220
[2024-11-20 13:19:29.994] [info] Finding hierarchic mask ranks
[2024-11-20 13:19:29.998] [info] Hierarchic mask level 0 minimum rank: 0.0
[2024-11-20 13:19:30.000] [info] Hierarchic mask level 1 minimum rank: 0.967647
[2024-11-20 13:19:30.004] [info] Writing feature info
[2024-11-20 13:19:30.017] [info] Writing feature curves
[2024-11-20 13:19:30.087] [info] Writing priority rank map
[2024-11-20 13:19:30.153] [info] Total time used: 7s
[2024-11-20 13:19:30.156] [info] Number of errors: 0
[2024-11-20 13:19:30.160] [info] Number of warnings: 2
[2024-11-20 13:19:30.164] [info] Done
