[2024-11-08 11:04:05.040] [info] Zonation 5 v2.1
[2024-11-08 11:04:05.302] [info] Arguments given: -aw --mode=CAZMAX --gui waterfowl_cazmax_wgt.z5 ../../../Output/ZonationRaw/waterfowl_cazmax_wgt
[2024-11-08 11:04:05.313] [info] Using 16-bit quantization
[2024-11-08 11:04:05.314] [info] Using 16 threads for computation
[2024-11-08 11:04:05.319] [info] Loading project "waterfowl_cazmax_wgt.z5"
[2024-11-08 11:04:05.326] [info] Using setting: feature list file = waterfowl_cazmax_wgt_featurelist.txt
[2024-11-08 11:04:05.330] [info] Using setting: analysis area mask layer = ../../../Data/SnappedDensityRasters/a_mask.tif
[2024-11-08 11:04:05.332] [info] Using default setting: curves output interval = 9.99999975e-05
[2024-11-08 11:04:05.336] [info] Using default setting: max iterations = 500
[2024-11-08 11:04:05.337] [info] Using default setting: mean ranking error threshold = 0.00999999978
[2024-11-08 11:04:05.338] [info] Using default setting: smoothing factor = 0
[2024-11-08 11:04:05.339] [info] Using default setting: stop on plateau = 0
[2024-11-08 11:04:05.340] [info] Using default setting: zero mode = all
[2024-11-08 11:04:05.342] [info] Using default setting: stop after preprocessing = 0
[2024-11-08 11:04:05.343] [info] Using default setting: quantization error warning threshold = 20
[2024-11-08 11:04:05.343] [info] Loading feature layer information from "C:\Users\robinsonba\OneDrive - EC-EC\Documents\Projects\Avian Trend Monitoring\Grassland Bird Monitoring\R Projects\Zonation Manuscript\Scripts\ZonationFiles\waterfowl_cazmax_wgt\waterfowl_cazmax_wgt_featurelist.txt"
[2024-11-08 11:04:05.361] [info] Validating project
[2024-11-08 11:04:05.377] [info] Analysis area: all
[2024-11-08 11:04:05.378] [info] Reading layer data
[2024-11-08 11:04:05.398] [info] Reading analysis area mask
[2024-11-08 11:04:06.418] [info] Gathering data statistics
[2024-11-08 11:04:08.851] [info] Map dimensions (width * height): 3510*2360
[2024-11-08 11:04:08.853] [info] Number of grid cells in map (width * height): 8283600
[2024-11-08 11:04:08.857] [info] Number of grid cells in map with data: 4486603
[2024-11-08 11:04:08.860] [info] Feature layer count: 7
[2024-11-08 11:04:08.864] [info] Positive weight feature count: 7
[2024-11-08 11:04:08.867] [info] Negative weight feature count: 0
[2024-11-08 11:04:08.870] [info] Zero weight feature count: 0
[2024-11-08 11:04:08.874] [info] Total number of pixels with data across features: 31406221
[2024-11-08 11:04:08.877] [info] Reading feature layers
[2024-11-08 11:04:13.887] [info] 99.4%
[2024-11-08 11:04:13.912] [info] Mean feature extent across study area: 99.24%
[2024-11-08 11:04:13.914] [info] Memory usage of feature data: 111.37MB
[2024-11-08 11:04:13.917] [info] Mean quantization error: 7.84726e-06%
[2024-11-08 11:04:13.952] [info] Time used to read and preprocess layer data: 8s
[2024-11-08 11:04:13.955] [info] Computing priority rank
[2024-11-08 11:04:14.968] [info] Iteration 0, mean ranking error 12.8819%, mean rank change 4.6861%
[2024-11-08 11:04:15.846] [info] Iteration 1, mean ranking error 5.08912%, mean rank change 1.42546%
[2024-11-08 11:04:16.720] [info] Iteration 2, mean ranking error 2.66704%, mean rank change 0.586134%
[2024-11-08 11:04:17.595] [info] Iteration 3, mean ranking error 1.60577%, mean rank change 0.287859%
[2024-11-08 11:04:18.474] [info] Iteration 4, mean ranking error 1.05366%, mean rank change 0.159185%
[2024-11-08 11:04:19.353] [info] Iteration 5, mean ranking error 0.732345%, mean rank change 0.0950886%
[2024-11-08 11:04:20.216] [info] Iteration 6, mean ranking error 0.528668%, mean rank change 0.0598671%
[2024-11-08 11:04:21.091] [info] Iteration 7, mean ranking error 0.391608%, mean rank change 0.0391415%
[2024-11-08 11:04:21.943] [info] Iteration 8, mean ranking error 0.294399%, mean rank change 0.0263313%
[2024-11-08 11:04:22.712] [info] Iteration 9, mean ranking error 0.225379%, mean rank change 0.0181153%
[2024-11-08 11:04:23.471] [info] Iteration 10, mean ranking error 0.173984%, mean rank change 0.0126926%
[2024-11-08 11:04:24.275] [info] Iteration 11, mean ranking error 0.135582%, mean rank change 0.00902914%
[2024-11-08 11:04:25.155] [info] Iteration 12, mean ranking error 0.106713%, mean rank change 0.00650779%
[2024-11-08 11:04:26.025] [info] Iteration 13, mean ranking error 0.0845149%, mean rank change 0.00474433%
[2024-11-08 11:04:26.877] [info] Iteration 14, mean ranking error 0.0675026%, mean rank change 0.00349345%
[2024-11-08 11:04:27.757] [info] Iteration 15, mean ranking error 0.0542866%, mean rank change 0.00259609%
[2024-11-08 11:04:28.645] [info] Iteration 16, mean ranking error 0.0437125%, mean rank change 0.00194534%
[2024-11-08 11:04:29.519] [info] Iteration 17, mean ranking error 0.0355548%, mean rank change 0.00146907%
[2024-11-08 11:04:30.400] [info] Iteration 18, mean ranking error 0.0290619%, mean rank change 0.00111769%
[2024-11-08 11:04:31.286] [info] Iteration 19, mean ranking error 0.0238243%, mean rank change 0.000856050%
[2024-11-08 11:04:32.154] [info] Iteration 20, mean ranking error 0.0196616%, mean rank change 0.000659642%
[2024-11-08 11:04:33.032] [info] Iteration 21, mean ranking error 0.0163060%, mean rank change 0.000511537%
[2024-11-08 11:04:33.919] [info] Iteration 22, mean ranking error 0.013551%, mean rank change 0.000399049%
[2024-11-08 11:04:34.767] [info] Iteration 23, mean ranking error 0.0113107%, mean rank change 0.000313003%
[2024-11-08 11:04:35.666] [info] Iteration 24, mean ranking error 0.00948492%, mean rank change 0.000246778%
[2024-11-08 11:04:35.714] [info] Time used in prioritization: 21s
[2024-11-08 11:04:35.716] [info] Number of iterations: 25
[2024-11-08 11:04:35.720] [info] Final convergence level: 0.00948492%
[2024-11-08 11:04:35.726] [info] Area under curve: 0.726202
[2024-11-08 11:04:35.730] [info] Writing feature info
[2024-11-08 11:04:35.735] [info] Writing feature curves
[2024-11-08 11:04:35.814] [info] Writing priority rank map
[2024-11-08 11:04:36.113] [info] Total time used: 30s
[2024-11-08 11:04:36.116] [info] Number of errors: 0
[2024-11-08 11:04:36.120] [info] Number of warnings: 0
[2024-11-08 11:04:36.125] [info] Done
