[2024-11-20 13:27:29.280] [info] Zonation 5 v2.1
[2024-11-20 13:27:29.476] [info] Arguments given: -awh --mode=CAZMAX --gui waterfowl_cazmax_wgt_PA.z5 ../../../Output/ZonationRaw/waterfowl_cazmax_wgt_PA
[2024-11-20 13:27:29.488] [info] Using 16-bit quantization
[2024-11-20 13:27:29.491] [info] Using 16 threads for computation
[2024-11-20 13:27:29.496] [info] Loading project "waterfowl_cazmax_wgt_PA.z5"
[2024-11-20 13:27:29.500] [info] Using setting: feature list file = waterfowl_cazmax_wgt_PA_featurelist.txt
[2024-11-20 13:27:29.503] [info] Using setting: hierarchic mask layer = ../../../Data/masks/PA_All_int.tif
[2024-11-20 13:27:29.508] [info] Using setting: analysis area mask layer = ../../../Data/SnappedDensityRasters/Waterfowl_ZonationMSonly/a_mask.tif
[2024-11-20 13:27:29.511] [info] Using default setting: curves output interval = 9.99999975e-05
[2024-11-20 13:27:29.512] [info] Using default setting: max iterations = 500
[2024-11-20 13:27:29.512] [info] Using default setting: mean ranking error threshold = 0.00999999978
[2024-11-20 13:27:29.513] [info] Using default setting: smoothing factor = 0
[2024-11-20 13:27:29.513] [info] Using default setting: stop on plateau = 0
[2024-11-20 13:27:29.514] [info] Using default setting: zero mode = all
[2024-11-20 13:27:29.514] [info] Using default setting: stop after preprocessing = 0
[2024-11-20 13:27:29.515] [info] Using default setting: quantization error warning threshold = 20
[2024-11-20 13:27:29.515] [info] Loading feature layer information from "C:\Users\robinsonba\OneDrive - EC-EC\Documents\Projects\Avian Trend Monitoring\Grassland Bird Monitoring\R Projects\Zonation Manuscript\Scripts\ZonationFiles\waterfowl_cazmax_wgt_PA\waterfowl_cazmax_wgt_PA_featurelist.txt"
[2024-11-20 13:27:29.536] [info] Validating project
[2024-11-20 13:27:29.556] [info] Analysis area: all
[2024-11-20 13:27:29.558] [info] Reading layer data
[2024-11-20 13:27:29.571] [info] Reading analysis area mask
[2024-11-20 13:27:29.802] [info] Gathering data statistics
[2024-11-20 13:27:31.601] [info] Map dimensions (width * height): 2056*1666
[2024-11-20 13:27:31.604] [info] Number of grid cells in map (width * height): 3425296
[2024-11-20 13:27:31.607] [info] Number of grid cells in map with data: 1121653
[2024-11-20 13:27:31.612] [info] Feature layer count: 7
[2024-11-20 13:27:31.614] [info] Positive weight feature count: 7
[2024-11-20 13:27:31.617] [info] Negative weight feature count: 0
[2024-11-20 13:27:31.620] [info] Zero weight feature count: 0
[2024-11-20 13:27:31.624] [info] Total number of pixels with data across features: 7851571
[2024-11-20 13:27:31.628] [info] Reading feature layers
[2024-11-20 13:27:34.643] [info] Mean feature extent across study area: 99.37%
[2024-11-20 13:27:34.646] [info] Memory usage of feature data: 27.91MB
[2024-11-20 13:27:34.649] [info] Mean quantization error: 1.11445e-05%
[2024-11-20 13:27:34.652] [info] Reading hierarchic mask from C:\Users\robinsonba\OneDrive - EC-EC\Documents\Projects\Avian Trend Monitoring\Grassland Bird Monitoring\R Projects\Zonation Manuscript\Data\masks\PA_All_int.tif
[2024-11-20 13:27:35.340] [warning] Hierarchic mask "C:\Users\robinsonba\OneDrive - EC-EC\Documents\Projects\Avian Trend Monitoring\Grassland Bird Monitoring\R Projects\Zonation Manuscript\Data\masks\PA_All_int.tif" contains 24 values in cells with no data in feature layers
[2024-11-20 13:27:35.342] [warning] Hierarchic mask "C:\Users\robinsonba\OneDrive - EC-EC\Documents\Projects\Avian Trend Monitoring\Grassland Bird Monitoring\R Projects\Zonation Manuscript\Data\masks\PA_All_int.tif" misses values for 300876 cells with some data in feature layers, replacing missing values with zero
[2024-11-20 13:27:35.346] [info] Time used to read and preprocess layer data: 5s
[2024-11-20 13:27:35.348] [info] Computing priority rank
[2024-11-20 13:27:35.571] [info] Iteration 0, mean ranking error 12.1214%, mean rank change 4.5838%
[2024-11-20 13:27:35.761] [info] Iteration 1, mean ranking error 4.05108%, mean rank change 1.14257%
[2024-11-20 13:27:35.942] [info] Iteration 2, mean ranking error 1.93776%, mean rank change 0.416596%
[2024-11-20 13:27:36.128] [info] Iteration 3, mean ranking error 1.10711%, mean rank change 0.190420%
[2024-11-20 13:27:36.330] [info] Iteration 4, mean ranking error 0.695271%, mean rank change 0.100932%
[2024-11-20 13:27:36.528] [info] Iteration 5, mean ranking error 0.46237%, mean rank change 0.0590667%
[2024-11-20 13:27:36.731] [info] Iteration 6, mean ranking error 0.320410%, mean rank change 0.0369082%
[2024-11-20 13:27:36.939] [info] Iteration 7, mean ranking error 0.227762%, mean rank change 0.02411%
[2024-11-20 13:27:37.139] [info] Iteration 8, mean ranking error 0.165453%, mean rank change 0.0162456%
[2024-11-20 13:27:37.336] [info] Iteration 9, mean ranking error 0.122145%, mean rank change 0.0111993%
[2024-11-20 13:27:37.536] [info] Iteration 10, mean ranking error 0.0911467%, mean rank change 0.00786197%
[2024-11-20 13:27:37.734] [info] Iteration 11, mean ranking error 0.0688566%, mean rank change 0.00559810%
[2024-11-20 13:27:37.930] [info] Iteration 12, mean ranking error 0.0523386%, mean rank change 0.00403439%
[2024-11-20 13:27:38.127] [info] Iteration 13, mean ranking error 0.0399807%, mean rank change 0.00293928%
[2024-11-20 13:27:38.326] [info] Iteration 14, mean ranking error 0.0308087%, mean rank change 0.00216091%
[2024-11-20 13:27:38.533] [info] Iteration 15, mean ranking error 0.0236931%, mean rank change 0.00160092%
[2024-11-20 13:27:38.727] [info] Iteration 16, mean ranking error 0.018548%, mean rank change 0.00119558%
[2024-11-20 13:27:38.909] [info] Iteration 17, mean ranking error 0.0145264%, mean rank change 0.000898346%
[2024-11-20 13:27:39.105] [info] Iteration 18, mean ranking error 0.0113538%, mean rank change 0.000679346%
[2024-11-20 13:27:39.297] [info] Iteration 19, mean ranking error 0.00894429%, mean rank change 0.000517095%
[2024-11-20 13:27:39.313] [info] Time used in prioritization: 3s
[2024-11-20 13:27:39.316] [info] Number of iterations: 20
[2024-11-20 13:27:39.322] [info] Final convergence level: 0.00894429%
[2024-11-20 13:27:39.328] [info] Area under curve: 0.719903
[2024-11-20 13:27:39.335] [info] Finding hierarchic mask ranks
[2024-11-20 13:27:39.345] [info] Hierarchic mask level 0 minimum rank: 0.0
[2024-11-20 13:27:39.347] [info] Hierarchic mask level 1 minimum rank: 0.975311
[2024-11-20 13:27:39.352] [info] Writing feature info
[2024-11-20 13:27:39.366] [info] Writing feature curves
[2024-11-20 13:27:39.446] [info] Writing priority rank map
[2024-11-20 13:27:39.524] [info] Total time used: 10s
[2024-11-20 13:27:39.529] [info] Number of errors: 0
[2024-11-20 13:27:39.534] [info] Number of warnings: 2
[2024-11-20 13:27:39.538] [info] Done
