[2024-11-20 13:09:46.213] [info] Zonation 5 v2.1
[2024-11-20 13:09:46.443] [info] Arguments given: -hw --mode=CAZMAX --gui marshbirds_cazmax_wgt.z5 ../../../Output/ZonationRaw/marshbirds_cazmax_wgt
[2024-11-20 13:09:46.452] [info] Using 16-bit quantization
[2024-11-20 13:09:46.454] [info] Using 16 threads for computation
[2024-11-20 13:09:46.454] [info] Loading project "marshbirds_cazmax_wgt.z5"
[2024-11-20 13:09:46.457] [info] Using setting: feature list file = marshbirds_cazmax_wgt_featurelist.txt
[2024-11-20 13:09:46.460] [info] Using setting: hierarchic mask layer = ../../../Data/masks/PA_All_int.tif
[2024-11-20 13:09:46.462] [info] Using default setting: curves output interval = 9.99999975e-05
[2024-11-20 13:09:46.463] [info] Using default setting: max iterations = 500
[2024-11-20 13:09:46.465] [info] Using default setting: mean ranking error threshold = 0.00999999978
[2024-11-20 13:09:46.466] [info] Using default setting: smoothing factor = 0
[2024-11-20 13:09:46.467] [info] Using default setting: stop on plateau = 0
[2024-11-20 13:09:46.468] [info] Using default setting: zero mode = all
[2024-11-20 13:09:46.468] [info] Using default setting: stop after preprocessing = 0
[2024-11-20 13:09:46.481] [info] Using default setting: quantization error warning threshold = 20
[2024-11-20 13:09:46.481] [info] Loading feature layer information from "C:\Users\robinsonba\OneDrive - EC-EC\Documents\Projects\Avian Trend Monitoring\Grassland Bird Monitoring\R Projects\Zonation Manuscript\Scripts\ZonationFiles\marshbirds_cazmax_wgt\marshbirds_cazmax_wgt_featurelist.txt"
[2024-11-20 13:09:46.501] [info] Validating project
[2024-11-20 13:09:46.518] [info] Reading layer data
[2024-11-20 13:09:46.531] [info] Gathering data statistics
[2024-11-20 13:09:48.891] [info] Map dimensions (width * height): 2056*1666
[2024-11-20 13:09:48.894] [info] Number of grid cells in map (width * height): 3425296
[2024-11-20 13:09:48.897] [info] Number of grid cells in map with data: 855721
[2024-11-20 13:09:48.901] [info] Feature layer count: 13
[2024-11-20 13:09:48.904] [info] Positive weight feature count: 13
[2024-11-20 13:09:48.906] [info] Negative weight feature count: 0
[2024-11-20 13:09:48.909] [info] Zero weight feature count: 0
[2024-11-20 13:09:48.912] [info] Total number of pixels with data across features: 10996597
[2024-11-20 13:09:48.915] [info] Reading feature layers
[2024-11-20 13:09:52.207] [info] Mean feature extent across study area: 99.84%
[2024-11-20 13:09:52.209] [info] Memory usage of feature data: 31.04MB
[2024-11-20 13:09:52.212] [info] Mean quantization error: 0.000120058%
[2024-11-20 13:09:52.216] [info] Reading hierarchic mask from C:\Users\robinsonba\OneDrive - EC-EC\Documents\Projects\Avian Trend Monitoring\Grassland Bird Monitoring\R Projects\Zonation Manuscript\Data\masks\PA_All_int.tif
[2024-11-20 13:09:52.910] [warning] Hierarchic mask "C:\Users\robinsonba\OneDrive - EC-EC\Documents\Projects\Avian Trend Monitoring\Grassland Bird Monitoring\R Projects\Zonation Manuscript\Data\masks\PA_All_int.tif" contains 8 values in cells with no data in feature layers
[2024-11-20 13:09:52.912] [warning] Hierarchic mask "C:\Users\robinsonba\OneDrive - EC-EC\Documents\Projects\Avian Trend Monitoring\Grassland Bird Monitoring\R Projects\Zonation Manuscript\Data\masks\PA_All_int.tif" misses values for 34928 cells with some data in feature layers, replacing missing values with zero
[2024-11-20 13:09:52.916] [info] Time used to read and preprocess layer data: 6s
[2024-11-20 13:09:52.919] [info] Computing priority rank
[2024-11-20 13:09:53.120] [info] Iteration 0, mean ranking error 9.58405%, mean rank change 5.19173%
[2024-11-20 13:09:53.295] [info] Iteration 1, mean ranking error 6.53675%, mean rank change 3.33816%
[2024-11-20 13:09:53.452] [info] Iteration 2, mean ranking error 4.53378%, mean rank change 2.22157%
[2024-11-20 13:09:53.607] [info] Iteration 3, mean ranking error 3.22618%, mean rank change 1.50660%
[2024-11-20 13:09:53.757] [info] Iteration 4, mean ranking error 2.36939%, mean rank change 1.05122%
[2024-11-20 13:09:53.906] [info] Iteration 5, mean ranking error 1.79297%, mean rank change 0.760091%
[2024-11-20 13:09:54.059] [info] Iteration 6, mean ranking error 1.40108%, mean rank change 0.56987%
[2024-11-20 13:09:54.208] [info] Iteration 7, mean ranking error 1.12643%, mean rank change 0.440809%
[2024-11-20 13:09:54.360] [info] Iteration 8, mean ranking error 0.92451%, mean rank change 0.350397%
[2024-11-20 13:09:54.515] [info] Iteration 9, mean ranking error 0.776963%, mean rank change 0.284928%
[2024-11-20 13:09:54.668] [info] Iteration 10, mean ranking error 0.662052%, mean rank change 0.235972%
[2024-11-20 13:09:54.816] [info] Iteration 11, mean ranking error 0.573118%, mean rank change 0.198294%
[2024-11-20 13:09:54.977] [info] Iteration 12, mean ranking error 0.500420%, mean rank change 0.168869%
[2024-11-20 13:09:55.130] [info] Iteration 13, mean ranking error 0.442213%, mean rank change 0.145379%
[2024-11-20 13:09:55.278] [info] Iteration 14, mean ranking error 0.393907%, mean rank change 0.126388%
[2024-11-20 13:09:55.432] [info] Iteration 15, mean ranking error 0.353332%, mean rank change 0.110688%
[2024-11-20 13:09:55.589] [info] Iteration 16, mean ranking error 0.318612%, mean rank change 0.0976318%
[2024-11-20 13:09:55.752] [info] Iteration 17, mean ranking error 0.288357%, mean rank change 0.0867052%
[2024-11-20 13:09:55.905] [info] Iteration 18, mean ranking error 0.262931%, mean rank change 0.0773925%
[2024-11-20 13:09:56.062] [info] Iteration 19, mean ranking error 0.240386%, mean rank change 0.0693877%
[2024-11-20 13:09:56.213] [info] Iteration 20, mean ranking error 0.220628%, mean rank change 0.0624497%
[2024-11-20 13:09:56.365] [info] Iteration 21, mean ranking error 0.203145%, mean rank change 0.0564385%
[2024-11-20 13:09:56.518] [info] Iteration 22, mean ranking error 0.187801%, mean rank change 0.0512729%
[2024-11-20 13:09:56.684] [info] Iteration 23, mean ranking error 0.174322%, mean rank change 0.0467439%
[2024-11-20 13:09:56.839] [info] Iteration 24, mean ranking error 0.162018%, mean rank change 0.0427612%
[2024-11-20 13:09:56.992] [info] Iteration 25, mean ranking error 0.150980%, mean rank change 0.0392136%
[2024-11-20 13:09:57.145] [info] Iteration 26, mean ranking error 0.141141%, mean rank change 0.0360635%
[2024-11-20 13:09:57.297] [info] Iteration 27, mean ranking error 0.131985%, mean rank change 0.0332426%
[2024-11-20 13:09:57.450] [info] Iteration 28, mean ranking error 0.123778%, mean rank change 0.0307325%
[2024-11-20 13:09:57.611] [info] Iteration 29, mean ranking error 0.116218%, mean rank change 0.0284948%
[2024-11-20 13:09:57.765] [info] Iteration 30, mean ranking error 0.109472%, mean rank change 0.0264764%
[2024-11-20 13:09:57.922] [info] Iteration 31, mean ranking error 0.103299%, mean rank change 0.0246435%
[2024-11-20 13:09:58.085] [info] Iteration 32, mean ranking error 0.0974456%, mean rank change 0.0229991%
[2024-11-20 13:09:58.263] [info] Iteration 33, mean ranking error 0.0920824%, mean rank change 0.0214944%
[2024-11-20 13:09:58.442] [info] Iteration 34, mean ranking error 0.0872711%, mean rank change 0.0201312%
[2024-11-20 13:09:58.620] [info] Iteration 35, mean ranking error 0.0827374%, mean rank change 0.0188728%
[2024-11-20 13:09:58.798] [info] Iteration 36, mean ranking error 0.0785131%, mean rank change 0.0177173%
[2024-11-20 13:09:58.969] [info] Iteration 37, mean ranking error 0.0744784%, mean rank change 0.0166585%
[2024-11-20 13:09:59.147] [info] Iteration 38, mean ranking error 0.0706512%, mean rank change 0.0156841%
[2024-11-20 13:09:59.322] [info] Iteration 39, mean ranking error 0.0671842%, mean rank change 0.0147873%
[2024-11-20 13:09:59.497] [info] Iteration 40, mean ranking error 0.0640754%, mean rank change 0.0139527%
[2024-11-20 13:09:59.675] [info] Iteration 41, mean ranking error 0.0608853%, mean rank change 0.0131786%
[2024-11-20 13:09:59.848] [info] Iteration 42, mean ranking error 0.0580549%, mean rank change 0.0124613%
[2024-11-20 13:10:00.030] [info] Iteration 43, mean ranking error 0.0553041%, mean rank change 0.0117939%
[2024-11-20 13:10:00.212] [info] Iteration 44, mean ranking error 0.0529148%, mean rank change 0.0111669%
[2024-11-20 13:10:00.384] [info] Iteration 45, mean ranking error 0.0504662%, mean rank change 0.0105821%
[2024-11-20 13:10:00.573] [info] Iteration 46, mean ranking error 0.0481507%, mean rank change 0.0100412%
[2024-11-20 13:10:00.757] [info] Iteration 47, mean ranking error 0.0460945%, mean rank change 0.00953560%
[2024-11-20 13:10:00.932] [info] Iteration 48, mean ranking error 0.0440175%, mean rank change 0.00905711%
[2024-11-20 13:10:01.119] [info] Iteration 49, mean ranking error 0.0422586%, mean rank change 0.00860991%
[2024-11-20 13:10:01.299] [info] Iteration 50, mean ranking error 0.0403952%, mean rank change 0.00819317%
[2024-11-20 13:10:01.470] [info] Iteration 51, mean ranking error 0.0386414%, mean rank change 0.00780815%
[2024-11-20 13:10:01.649] [info] Iteration 52, mean ranking error 0.0371123%, mean rank change 0.00744113%
[2024-11-20 13:10:01.839] [info] Iteration 53, mean ranking error 0.0355718%, mean rank change 0.00710331%
[2024-11-20 13:10:02.011] [info] Iteration 54, mean ranking error 0.034155%, mean rank change 0.00678672%
[2024-11-20 13:10:02.201] [info] Iteration 55, mean ranking error 0.0328278%, mean rank change 0.00648729%
[2024-11-20 13:10:02.380] [info] Iteration 56, mean ranking error 0.0315859%, mean rank change 0.00620461%
[2024-11-20 13:10:02.557] [info] Iteration 57, mean ranking error 0.0303425%, mean rank change 0.00594241%
[2024-11-20 13:10:02.734] [info] Iteration 58, mean ranking error 0.0292105%, mean rank change 0.00568916%
[2024-11-20 13:10:02.915] [info] Iteration 59, mean ranking error 0.0281314%, mean rank change 0.00545399%
[2024-11-20 13:10:03.099] [info] Iteration 60, mean ranking error 0.0270490%, mean rank change 0.00522149%
[2024-11-20 13:10:03.279] [info] Iteration 61, mean ranking error 0.0260328%, mean rank change 0.00500041%
[2024-11-20 13:10:03.460] [info] Iteration 62, mean ranking error 0.0250800%, mean rank change 0.00480090%
[2024-11-20 13:10:03.643] [info] Iteration 63, mean ranking error 0.0241461%, mean rank change 0.00460813%
[2024-11-20 13:10:03.819] [info] Iteration 64, mean ranking error 0.0232803%, mean rank change 0.00442436%
[2024-11-20 13:10:03.998] [info] Iteration 65, mean ranking error 0.0224498%, mean rank change 0.00425291%
[2024-11-20 13:10:04.175] [info] Iteration 66, mean ranking error 0.0216763%, mean rank change 0.00409203%
[2024-11-20 13:10:04.355] [info] Iteration 67, mean ranking error 0.0209232%, mean rank change 0.00393466%
[2024-11-20 13:10:04.530] [info] Iteration 68, mean ranking error 0.0202013%, mean rank change 0.00379161%
[2024-11-20 13:10:04.718] [info] Iteration 69, mean ranking error 0.0194783%, mean rank change 0.00365260%
[2024-11-20 13:10:04.899] [info] Iteration 70, mean ranking error 0.0188326%, mean rank change 0.00351707%
[2024-11-20 13:10:05.066] [info] Iteration 71, mean ranking error 0.0181926%, mean rank change 0.00338868%
[2024-11-20 13:10:05.252] [info] Iteration 72, mean ranking error 0.0175782%, mean rank change 0.00326582%
[2024-11-20 13:10:05.408] [info] Iteration 73, mean ranking error 0.0169996%, mean rank change 0.00315094%
[2024-11-20 13:10:05.560] [info] Iteration 74, mean ranking error 0.0164206%, mean rank change 0.00303891%
[2024-11-20 13:10:05.719] [info] Iteration 75, mean ranking error 0.0158844%, mean rank change 0.00293397%
[2024-11-20 13:10:05.874] [info] Iteration 76, mean ranking error 0.0153654%, mean rank change 0.00283187%
[2024-11-20 13:10:06.027] [info] Iteration 77, mean ranking error 0.0149046%, mean rank change 0.00273232%
[2024-11-20 13:10:06.181] [info] Iteration 78, mean ranking error 0.0143913%, mean rank change 0.00263676%
[2024-11-20 13:10:06.332] [info] Iteration 79, mean ranking error 0.0139203%, mean rank change 0.00254574%
[2024-11-20 13:10:06.487] [info] Iteration 80, mean ranking error 0.0135004%, mean rank change 0.00245758%
[2024-11-20 13:10:06.647] [info] Iteration 81, mean ranking error 0.0130453%, mean rank change 0.00237376%
[2024-11-20 13:10:06.800] [info] Iteration 82, mean ranking error 0.0126161%, mean rank change 0.00229450%
[2024-11-20 13:10:06.954] [info] Iteration 83, mean ranking error 0.0122415%, mean rank change 0.00221750%
[2024-11-20 13:10:07.107] [info] Iteration 84, mean ranking error 0.0118297%, mean rank change 0.00214565%
[2024-11-20 13:10:07.270] [info] Iteration 85, mean ranking error 0.0114665%, mean rank change 0.00207599%
[2024-11-20 13:10:07.424] [info] Iteration 86, mean ranking error 0.0111302%, mean rank change 0.00200779%
[2024-11-20 13:10:07.576] [info] Iteration 87, mean ranking error 0.0107624%, mean rank change 0.00194507%
[2024-11-20 13:10:07.736] [info] Iteration 88, mean ranking error 0.0104323%, mean rank change 0.00188207%
[2024-11-20 13:10:07.892] [info] Iteration 89, mean ranking error 0.0101266%, mean rank change 0.00182220%
[2024-11-20 13:10:08.045] [info] Iteration 90, mean ranking error 0.00981209%, mean rank change 0.00176429%
[2024-11-20 13:10:08.061] [info] Time used in prioritization: 15s
[2024-11-20 13:10:08.066] [info] Number of iterations: 91
[2024-11-20 13:10:08.070] [info] Final convergence level: 0.00981209%
[2024-11-20 13:10:08.075] [info] Area under curve: 0.600198
[2024-11-20 13:10:08.082] [info] Finding hierarchic mask ranks
[2024-11-20 13:10:08.086] [info] Hierarchic mask level 0 minimum rank: 0.0
[2024-11-20 13:10:08.088] [info] Hierarchic mask level 1 minimum rank: 0.967647
[2024-11-20 13:10:08.092] [info] Writing feature info
[2024-11-20 13:10:08.104] [info] Writing feature curves
[2024-11-20 13:10:08.208] [info] Writing priority rank map
[2024-11-20 13:10:08.274] [info] Total time used: 21s
[2024-11-20 13:10:08.277] [info] Number of errors: 0
[2024-11-20 13:10:08.281] [info] Number of warnings: 2
[2024-11-20 13:10:08.287] [info] Done
